PGCMS

模型系统
	表 model
		id				主键
		name 			表名
		comment			注释
		parent			父节点
		status			状态/*安装||卸载=>1||0*/
		time			创建时间
		模型字段
			表 	field
				id 				主键
				name 			名称
				length			长度
				comment			注释
				type			类型
				default			默认值
				model_id		模型ID
				form_id			表单类型ID
				validate		验证规则
		表单类型
			表 	form
				id 				主键
				name 			名称
				html 			模板路径
				php				代码片断路径
		栏目
			表	menu
				id				主键
				name			名称
				action			动作
				icon			图标
				parent			父节点ID
				status			导航/*1||0=>是||否*/
				sort			排序			
		权限组
			表	group
				id				主键
				name			组名称
				menu			栏目ID集合/*serialize序列化*/
				time			创建时间
		用户
			表	user
				id 				主键
				name			名称
				alias			别名
				password		密码
				group			权限ID/*serialize序列化*/
				random			随机串/*用于MD5加密*/
				time			创建时间
		系统配置
			表	config
				id				主键
				alias			别名
				key				键名
				attribute		属性/*serialize序列化*/
				time			创建时间
				键	data
					bak_interval		自动备份时间间隔/*默认7天604800000，毫秒为单位*/
					bak_name			备份文件命名规则
				键	log
					delete_interval		自动删除日志时间间隔/*默认7天604800000，毫秒为单位*/
		主题
			目录	theme/system/default/theme.xml
					name			名称
					author			作者
					email			邮箱
					intro			简介
					time			创建时间
					last_time		最后更新时间	
					version			版本	
		插件
			目录	plugin/weixi/plugin.xml
					name			名称
					author			作者
					email			邮箱
					intro			简介
					time			创建时间
					last_time		最后更新时间	
					version			版本
		相册
			表	photo
				id				主键
				title			标题
				intro			简介
				picture			图片
				module			模块名称/*article||video…*/
				join_id			关联ID
				soft			排序
				time			创建时间
		分类
			表	category
				id				主键
				title			标题
				intro			简介
				picture			图片
				a_tpl			列表模板
				b_tpl			详细模板
				parent			父节点
				user			用户ID
				sort			排序
		文章
			表	article
				id				主键
				title			标题
				picture			图片
				category		分类ID
				intro			简介
				content			内容
				photo			相册ID
				click			点击量
				user			用户ID
				sort			排序
				time			创建时间
		视频
			表 video
				id				主键
				title			标题
				picture			图片
				category		分类ID
				intro			简介
				size			大小
				duration		时长
				click			点击量
				user			用户ID
				file			文件地址/*需处理本地或远程*/
				sort			排序
				time			创建时间
		单页
			表	page
				id				主键
				title			标题
				picture			图片
				intro			简介
				content			内 容
				click			点击量
				user			用户ID
				sort			排序
				time			创建时间
		广告
			表	ad
				id				主键
				title			标题
				intro			简介
				file			文件地址集合/*serialize序列化*/
				style			样式
				click			点击量
				sort			排序
				user			用户ID
				time			创建时间
		招聘
			表	job
				id				主键
				title			标题
				intro			简介
				place			职位
				number			人数
				address			地点
				money			待遇
				edu				学历
				age				年龄
				start_time		开始时间
				end_time		结束时间
				content			内容
				user			用户ID
				time			创建时间
		留言
			表	message
				id				主键
				name			留言者
				parent			父节点
				content			简介
				module			模块名称/*article||video…*/
				a_click			顶
				b_click			踩
				join_id			关联ID
				time			创建时间
		投票
			表	vote
				id				主键
				title			标题
				intro			简介
				content			内容
				type			类型/*0||1=>单选||多选*/
				vote_item		投票选项ID
				robot			投票验证/*0||1=>不验证||验证IP*/
				interval		同IP允许投票时间间隔/*默认一天86400000，毫秒为单位*/
				user			用户ID
				time			创建时间
				表	vote_item/*投票选项*/
					vote		投票ID
					title		标题
					sort		排序
					time		创建时间
					表	vote_ip/*IP记录*/
						vote_item		投票选项ID
						ip				IP
						time			创建时间
		地图标注
			表	map
				id				主键
				title			标题
				lng				坐标
				lat				坐标
				user			用户ID
				time			创建时间
		友情链接
			表	link
				id				主键
				title			标题
				logo			商标
				url				链接
				user			用户ID
				sort			排序
				time 			创建时间
		下载
			表	download
				id				主键
				title			标题
				picture			图片
				category		分类ID
				intro			简介
				content			内容
				size			大小
				a_click			点击量
				b_click			下载量
				file			文件地址
				user			用户ID
				sort			排序
				time			创建时间
		数据备份
			表	data
				id				主键
				file			文件地址
				user			用户ID
				time			创建时间
		系统日志
			表	log
				id 				主键
				event			事件
				intro			事件描述
				sql				SQL语句
				user			用户ID
				time			创建时间